<?xml version="1.0" encoding="UTF-8"?>
<testsuite xmlns:xsi="http://www.w3.org/2001/XMLSchema-instance" xsi:noNamespaceSchemaLocation="https://maven.apache.org/surefire/maven-surefire-plugin/xsd/surefire-test-report.xsd" name="graph.scc.TarjanSCCTest" time="0" tests="7" errors="0" skipped="0" failures="0">
  <properties>
[...]
</properties>
  <testcase name="testSimpleCycle" classname="graph.scc.TarjanSCCTest" time="0"/>
  <testcase name="testDisconnectedComponents" classname="graph.scc.TarjanSCCTest" time="0"/>
  <testcase name="testCondensationGraph" classname="graph.scc.TarjanSCCTest" time="0"/>
  <testcase name="testSimpleDAG" classname="graph.scc.TarjanSCCTest" time="0"/>
  <testcase name="testSingleVertex" classname="graph.scc.TarjanSCCTest" time="0"/>
  <testcase name="testMetrics" classname="graph.scc.TarjanSCCTest" time="0"/>
  <testcase name="testMultipleSCCs" classname="graph.scc.TarjanSCCTest" time="0"/>
</testsuite>